<?xml version="1.0" encoding="UTF-8"?>
<!-- Generated by org.testng.reporters.JUnitXMLReporter -->
<testsuite hostname="Krishna-Godse.local" name="Bid.TC005_Filter" tests="6" failures="4" timestamp="7 Jun 2018 08:08:25 GMT" time="99.279" errors="0">
  <testcase name="@AfterTest quit" time="0.0" classname="Bid.TC005_Filter">
    <failure type="org.openqa.selenium.remote.SessionNotFoundException" message="A session is either terminated or not started (WARNING: The server did not provide any stacktrace information)
Command duration or timeout: 6 milliseconds
Build info: version: &amp;apos;2.53.1&amp;apos;, revision: &amp;apos;a36b8b1cd5757287168e54b817830adce9b0158d&amp;apos;, time: &amp;apos;2016-06-30 19:26:09&amp;apos;
System info: host: &amp;apos;Krishna-Godse.local&amp;apos;, ip: &amp;apos;192.168.0.77&amp;apos;, os.name: &amp;apos;Mac OS X&amp;apos;, os.arch: &amp;apos;x86_64&amp;apos;, os.version: &amp;apos;10.12.6&amp;apos;, java.version: &amp;apos;1.8.0_92&amp;apos;
Driver info: io.appium.java_client.android.AndroidDriver
Capabilities [{app=/Users/apple/Desktop/krishnag/appdebug.apk, appPackage=in.interactive.luckystars, deviceScreenSize=720x1280, networkConnectionEnabled=true, warnings={}, appWaitPackage=in.interactive.luckystars, appWaitActivity=in.interactive.luckystars.ui.startup.SplashActivity, databaseEnabled=false, deviceName=ZY2224NBCM, platform=LINUX, deviceUDID=ZY2224NBCM, appActivity=in.interactive.luckystars.ui.startup.SplashActivity, desired={app=/Users/apple/Desktop/krishnag/appdebug.apk, platformName=Android, deviceName=F5AZFG14R535}, platformVersion=6.0.1, webStorageEnabled=false, locationContextEnabled=false, takesScreenshot=true, javascriptEnabled=true, deviceModel=MotoG3, platformName=Android, deviceManufacturer=motorola}]
Session ID: 4488cd1a-cbc8-4f55-82e5-5ffb25479f9f">
      <![CDATA[org.openqa.selenium.remote.SessionNotFoundException: A session is either terminated or not started (WARNING: The server did not provide any stacktrace information)
Command duration or timeout: 6 milliseconds
Build info: version: '2.53.1', revision: 'a36b8b1cd5757287168e54b817830adce9b0158d', time: '2016-06-30 19:26:09'
System info: host: 'Krishna-Godse.local', ip: '192.168.0.77', os.name: 'Mac OS X', os.arch: 'x86_64', os.version: '10.12.6', java.version: '1.8.0_92'
Driver info: io.appium.java_client.android.AndroidDriver
Capabilities [{app=/Users/apple/Desktop/krishnag/appdebug.apk, appPackage=in.interactive.luckystars, deviceScreenSize=720x1280, networkConnectionEnabled=true, warnings={}, appWaitPackage=in.interactive.luckystars, appWaitActivity=in.interactive.luckystars.ui.startup.SplashActivity, databaseEnabled=false, deviceName=ZY2224NBCM, platform=LINUX, deviceUDID=ZY2224NBCM, appActivity=in.interactive.luckystars.ui.startup.SplashActivity, desired={app=/Users/apple/Desktop/krishnag/appdebug.apk, platformName=Android, deviceName=F5AZFG14R535}, platformVersion=6.0.1, webStorageEnabled=false, locationContextEnabled=false, takesScreenshot=true, javascriptEnabled=true, deviceModel=MotoG3, platformName=Android, deviceManufacturer=motorola}]
Session ID: 4488cd1a-cbc8-4f55-82e5-5ffb25479f9f
	at org.openqa.selenium.remote.ErrorHandler.createThrowable(ErrorHandler.java:206)
	at org.openqa.selenium.remote.ErrorHandler.throwIfResponseFailed(ErrorHandler.java:158)
	at org.openqa.selenium.remote.RemoteWebDriver.execute(RemoteWebDriver.java:678)
	at io.appium.java_client.AppiumDriver.execute(AppiumDriver.java:180)
	at io.appium.java_client.AppiumDriver.execute(AppiumDriver.java:185)
	at org.openqa.selenium.remote.RemoteWebDriver.quit(RemoteWebDriver.java:526)
	at config.basek.teardown(basek.java:128)
	at Bid.TC005_Filter.quit(TC005_Filter.java:180)
... Removed 26 stack frames]]>
    </failure>
  </testcase> <!-- @AfterTest quit -->
  <testcase name="signIn" time="23.174" classname="Bid.TC005_Filter"/>
  <testcase name="filter_allBids" time="20.759" classname="Bid.TC005_Filter"/>
  <testcase name="filter_uniqueBids" time="39.969" classname="Bid.TC005_Filter">
    <failure type="org.openqa.selenium.WebDriverException" message="An unknown server-side error occurred while processing the command. Original error: Android bootstrap socket crashed: Error: This socket has been ended by the other party (WARNING: The server did not provide any stacktrace information)
Command duration or timeout: 25.14 seconds
Build info: version: &amp;apos;2.53.1&amp;apos;, revision: &amp;apos;a36b8b1cd5757287168e54b817830adce9b0158d&amp;apos;, time: &amp;apos;2016-06-30 19:26:09&amp;apos;
System info: host: &amp;apos;Krishna-Godse.local&amp;apos;, ip: &amp;apos;192.168.0.77&amp;apos;, os.name: &amp;apos;Mac OS X&amp;apos;, os.arch: &amp;apos;x86_64&amp;apos;, os.version: &amp;apos;10.12.6&amp;apos;, java.version: &amp;apos;1.8.0_92&amp;apos;
Driver info: io.appium.java_client.android.AndroidDriver
Capabilities [{app=/Users/apple/Desktop/krishnag/appdebug.apk, appPackage=in.interactive.luckystars, deviceScreenSize=720x1280, networkConnectionEnabled=true, warnings={}, appWaitPackage=in.interactive.luckystars, appWaitActivity=in.interactive.luckystars.ui.startup.SplashActivity, databaseEnabled=false, deviceName=ZY2224NBCM, platform=LINUX, deviceUDID=ZY2224NBCM, appActivity=in.interactive.luckystars.ui.startup.SplashActivity, desired={app=/Users/apple/Desktop/krishnag/appdebug.apk, platformName=Android, deviceName=F5AZFG14R535}, platformVersion=6.0.1, webStorageEnabled=false, locationContextEnabled=false, takesScreenshot=true, javascriptEnabled=true, deviceModel=MotoG3, platformName=Android, deviceManufacturer=motorola}]
Session ID: 4488cd1a-cbc8-4f55-82e5-5ffb25479f9f
*** Element info: {Using=xpath, value=/hierarchy/android.widget.FrameLayout/android.widget.LinearLayout/android.widget.FrameLayout/android.widget.FrameLayout/android.widget.FrameLayout/android.view.View/android.view.View/android.widget.ImageButton}">
      <![CDATA[org.openqa.selenium.WebDriverException: An unknown server-side error occurred while processing the command. Original error: Android bootstrap socket crashed: Error: This socket has been ended by the other party (WARNING: The server did not provide any stacktrace information)
Command duration or timeout: 25.14 seconds
Build info: version: '2.53.1', revision: 'a36b8b1cd5757287168e54b817830adce9b0158d', time: '2016-06-30 19:26:09'
System info: host: 'Krishna-Godse.local', ip: '192.168.0.77', os.name: 'Mac OS X', os.arch: 'x86_64', os.version: '10.12.6', java.version: '1.8.0_92'
Driver info: io.appium.java_client.android.AndroidDriver
Capabilities [{app=/Users/apple/Desktop/krishnag/appdebug.apk, appPackage=in.interactive.luckystars, deviceScreenSize=720x1280, networkConnectionEnabled=true, warnings={}, appWaitPackage=in.interactive.luckystars, appWaitActivity=in.interactive.luckystars.ui.startup.SplashActivity, databaseEnabled=false, deviceName=ZY2224NBCM, platform=LINUX, deviceUDID=ZY2224NBCM, appActivity=in.interactive.luckystars.ui.startup.SplashActivity, desired={app=/Users/apple/Desktop/krishnag/appdebug.apk, platformName=Android, deviceName=F5AZFG14R535}, platformVersion=6.0.1, webStorageEnabled=false, locationContextEnabled=false, takesScreenshot=true, javascriptEnabled=true, deviceModel=MotoG3, platformName=Android, deviceManufacturer=motorola}]
Session ID: 4488cd1a-cbc8-4f55-82e5-5ffb25479f9f
*** Element info: {Using=xpath, value=/hierarchy/android.widget.FrameLayout/android.widget.LinearLayout/android.widget.FrameLayout/android.widget.FrameLayout/android.widget.FrameLayout/android.view.View/android.view.View/android.widget.ImageButton}
	at org.openqa.selenium.remote.ErrorHandler.createThrowable(ErrorHandler.java:206)
	at org.openqa.selenium.remote.ErrorHandler.throwIfResponseFailed(ErrorHandler.java:158)
	at org.openqa.selenium.remote.RemoteWebDriver.execute(RemoteWebDriver.java:678)
	at io.appium.java_client.AppiumDriver.execute(AppiumDriver.java:180)
	at org.openqa.selenium.remote.RemoteWebDriver.findElement(RemoteWebDriver.java:363)
	at org.openqa.selenium.remote.RemoteWebDriver.findElementByXPath(RemoteWebDriver.java:500)
	at org.openqa.selenium.By$ByXPath.findElement(By.java:361)
	at org.openqa.selenium.remote.RemoteWebDriver.findElement(RemoteWebDriver.java:355)
	at Bid.TC005_Filter.filter_uniqueBids(TC005_Filter.java:110)
... Removed 28 stack frames]]>
    </failure>
  </testcase> <!-- filter_uniqueBids -->
  <testcase name="filter_uniqueTooHigh" time="0.008" classname="Bid.TC005_Filter">
    <failure type="org.openqa.selenium.remote.SessionNotFoundException" message="A session is either terminated or not started (WARNING: The server did not provide any stacktrace information)
Command duration or timeout: 7 milliseconds
Build info: version: &amp;apos;2.53.1&amp;apos;, revision: &amp;apos;a36b8b1cd5757287168e54b817830adce9b0158d&amp;apos;, time: &amp;apos;2016-06-30 19:26:09&amp;apos;
System info: host: &amp;apos;Krishna-Godse.local&amp;apos;, ip: &amp;apos;192.168.0.77&amp;apos;, os.name: &amp;apos;Mac OS X&amp;apos;, os.arch: &amp;apos;x86_64&amp;apos;, os.version: &amp;apos;10.12.6&amp;apos;, java.version: &amp;apos;1.8.0_92&amp;apos;
Driver info: io.appium.java_client.android.AndroidDriver
Capabilities [{app=/Users/apple/Desktop/krishnag/appdebug.apk, appPackage=in.interactive.luckystars, deviceScreenSize=720x1280, networkConnectionEnabled=true, warnings={}, appWaitPackage=in.interactive.luckystars, appWaitActivity=in.interactive.luckystars.ui.startup.SplashActivity, databaseEnabled=false, deviceName=ZY2224NBCM, platform=LINUX, deviceUDID=ZY2224NBCM, appActivity=in.interactive.luckystars.ui.startup.SplashActivity, desired={app=/Users/apple/Desktop/krishnag/appdebug.apk, platformName=Android, deviceName=F5AZFG14R535}, platformVersion=6.0.1, webStorageEnabled=false, locationContextEnabled=false, takesScreenshot=true, javascriptEnabled=true, deviceModel=MotoG3, platformName=Android, deviceManufacturer=motorola}]
Session ID: 4488cd1a-cbc8-4f55-82e5-5ffb25479f9f
*** Element info: {Using=id, value=in.interactive.luckystars:id/tv_my_bids}">
      <![CDATA[org.openqa.selenium.remote.SessionNotFoundException: A session is either terminated or not started (WARNING: The server did not provide any stacktrace information)
Command duration or timeout: 7 milliseconds
Build info: version: '2.53.1', revision: 'a36b8b1cd5757287168e54b817830adce9b0158d', time: '2016-06-30 19:26:09'
System info: host: 'Krishna-Godse.local', ip: '192.168.0.77', os.name: 'Mac OS X', os.arch: 'x86_64', os.version: '10.12.6', java.version: '1.8.0_92'
Driver info: io.appium.java_client.android.AndroidDriver
Capabilities [{app=/Users/apple/Desktop/krishnag/appdebug.apk, appPackage=in.interactive.luckystars, deviceScreenSize=720x1280, networkConnectionEnabled=true, warnings={}, appWaitPackage=in.interactive.luckystars, appWaitActivity=in.interactive.luckystars.ui.startup.SplashActivity, databaseEnabled=false, deviceName=ZY2224NBCM, platform=LINUX, deviceUDID=ZY2224NBCM, appActivity=in.interactive.luckystars.ui.startup.SplashActivity, desired={app=/Users/apple/Desktop/krishnag/appdebug.apk, platformName=Android, deviceName=F5AZFG14R535}, platformVersion=6.0.1, webStorageEnabled=false, locationContextEnabled=false, takesScreenshot=true, javascriptEnabled=true, deviceModel=MotoG3, platformName=Android, deviceManufacturer=motorola}]
Session ID: 4488cd1a-cbc8-4f55-82e5-5ffb25479f9f
*** Element info: {Using=id, value=in.interactive.luckystars:id/tv_my_bids}
	at org.openqa.selenium.remote.ErrorHandler.createThrowable(ErrorHandler.java:206)
	at org.openqa.selenium.remote.ErrorHandler.throwIfResponseFailed(ErrorHandler.java:158)
	at org.openqa.selenium.remote.RemoteWebDriver.execute(RemoteWebDriver.java:678)
	at io.appium.java_client.AppiumDriver.execute(AppiumDriver.java:180)
	at org.openqa.selenium.remote.RemoteWebDriver.findElement(RemoteWebDriver.java:363)
	at org.openqa.selenium.remote.RemoteWebDriver.findElementById(RemoteWebDriver.java:413)
	at org.openqa.selenium.By$ById.findElement(By.java:218)
	at org.openqa.selenium.remote.RemoteWebDriver.findElement(RemoteWebDriver.java:355)
	at Bid.TC005_Filter.filter_uniqueTooHigh(TC005_Filter.java:119)
... Removed 28 stack frames]]>
    </failure>
  </testcase> <!-- filter_uniqueTooHigh -->
  <testcase name="filter_notUnique" time="0.007" classname="Bid.TC005_Filter">
    <failure type="org.openqa.selenium.remote.SessionNotFoundException" message="A session is either terminated or not started (WARNING: The server did not provide any stacktrace information)
Command duration or timeout: 7 milliseconds
Build info: version: &amp;apos;2.53.1&amp;apos;, revision: &amp;apos;a36b8b1cd5757287168e54b817830adce9b0158d&amp;apos;, time: &amp;apos;2016-06-30 19:26:09&amp;apos;
System info: host: &amp;apos;Krishna-Godse.local&amp;apos;, ip: &amp;apos;192.168.0.77&amp;apos;, os.name: &amp;apos;Mac OS X&amp;apos;, os.arch: &amp;apos;x86_64&amp;apos;, os.version: &amp;apos;10.12.6&amp;apos;, java.version: &amp;apos;1.8.0_92&amp;apos;
Driver info: io.appium.java_client.android.AndroidDriver
Capabilities [{app=/Users/apple/Desktop/krishnag/appdebug.apk, appPackage=in.interactive.luckystars, deviceScreenSize=720x1280, networkConnectionEnabled=true, warnings={}, appWaitPackage=in.interactive.luckystars, appWaitActivity=in.interactive.luckystars.ui.startup.SplashActivity, databaseEnabled=false, deviceName=ZY2224NBCM, platform=LINUX, deviceUDID=ZY2224NBCM, appActivity=in.interactive.luckystars.ui.startup.SplashActivity, desired={app=/Users/apple/Desktop/krishnag/appdebug.apk, platformName=Android, deviceName=F5AZFG14R535}, platformVersion=6.0.1, webStorageEnabled=false, locationContextEnabled=false, takesScreenshot=true, javascriptEnabled=true, deviceModel=MotoG3, platformName=Android, deviceManufacturer=motorola}]
Session ID: 4488cd1a-cbc8-4f55-82e5-5ffb25479f9f
*** Element info: {Using=id, value=in.interactive.luckystars:id/tv_my_bids}">
      <![CDATA[org.openqa.selenium.remote.SessionNotFoundException: A session is either terminated or not started (WARNING: The server did not provide any stacktrace information)
Command duration or timeout: 7 milliseconds
Build info: version: '2.53.1', revision: 'a36b8b1cd5757287168e54b817830adce9b0158d', time: '2016-06-30 19:26:09'
System info: host: 'Krishna-Godse.local', ip: '192.168.0.77', os.name: 'Mac OS X', os.arch: 'x86_64', os.version: '10.12.6', java.version: '1.8.0_92'
Driver info: io.appium.java_client.android.AndroidDriver
Capabilities [{app=/Users/apple/Desktop/krishnag/appdebug.apk, appPackage=in.interactive.luckystars, deviceScreenSize=720x1280, networkConnectionEnabled=true, warnings={}, appWaitPackage=in.interactive.luckystars, appWaitActivity=in.interactive.luckystars.ui.startup.SplashActivity, databaseEnabled=false, deviceName=ZY2224NBCM, platform=LINUX, deviceUDID=ZY2224NBCM, appActivity=in.interactive.luckystars.ui.startup.SplashActivity, desired={app=/Users/apple/Desktop/krishnag/appdebug.apk, platformName=Android, deviceName=F5AZFG14R535}, platformVersion=6.0.1, webStorageEnabled=false, locationContextEnabled=false, takesScreenshot=true, javascriptEnabled=true, deviceModel=MotoG3, platformName=Android, deviceManufacturer=motorola}]
Session ID: 4488cd1a-cbc8-4f55-82e5-5ffb25479f9f
*** Element info: {Using=id, value=in.interactive.luckystars:id/tv_my_bids}
	at org.openqa.selenium.remote.ErrorHandler.createThrowable(ErrorHandler.java:206)
	at org.openqa.selenium.remote.ErrorHandler.throwIfResponseFailed(ErrorHandler.java:158)
	at org.openqa.selenium.remote.RemoteWebDriver.execute(RemoteWebDriver.java:678)
	at io.appium.java_client.AppiumDriver.execute(AppiumDriver.java:180)
	at org.openqa.selenium.remote.RemoteWebDriver.findElement(RemoteWebDriver.java:363)
	at org.openqa.selenium.remote.RemoteWebDriver.findElementById(RemoteWebDriver.java:413)
	at org.openqa.selenium.By$ById.findElement(By.java:218)
	at org.openqa.selenium.remote.RemoteWebDriver.findElement(RemoteWebDriver.java:355)
	at Bid.TC005_Filter.filter_notUnique(TC005_Filter.java:140)
... Removed 28 stack frames]]>
    </failure>
  </testcase> <!-- filter_notUnique -->
  <testcase name="filter_missedBids" time="0.006" classname="Bid.TC005_Filter">
    <failure type="org.openqa.selenium.remote.SessionNotFoundException" message="A session is either terminated or not started (WARNING: The server did not provide any stacktrace information)
Command duration or timeout: 4 milliseconds
Build info: version: &amp;apos;2.53.1&amp;apos;, revision: &amp;apos;a36b8b1cd5757287168e54b817830adce9b0158d&amp;apos;, time: &amp;apos;2016-06-30 19:26:09&amp;apos;
System info: host: &amp;apos;Krishna-Godse.local&amp;apos;, ip: &amp;apos;192.168.0.77&amp;apos;, os.name: &amp;apos;Mac OS X&amp;apos;, os.arch: &amp;apos;x86_64&amp;apos;, os.version: &amp;apos;10.12.6&amp;apos;, java.version: &amp;apos;1.8.0_92&amp;apos;
Driver info: io.appium.java_client.android.AndroidDriver
Capabilities [{app=/Users/apple/Desktop/krishnag/appdebug.apk, appPackage=in.interactive.luckystars, deviceScreenSize=720x1280, networkConnectionEnabled=true, warnings={}, appWaitPackage=in.interactive.luckystars, appWaitActivity=in.interactive.luckystars.ui.startup.SplashActivity, databaseEnabled=false, deviceName=ZY2224NBCM, platform=LINUX, deviceUDID=ZY2224NBCM, appActivity=in.interactive.luckystars.ui.startup.SplashActivity, desired={app=/Users/apple/Desktop/krishnag/appdebug.apk, platformName=Android, deviceName=F5AZFG14R535}, platformVersion=6.0.1, webStorageEnabled=false, locationContextEnabled=false, takesScreenshot=true, javascriptEnabled=true, deviceModel=MotoG3, platformName=Android, deviceManufacturer=motorola}]
Session ID: 4488cd1a-cbc8-4f55-82e5-5ffb25479f9f
*** Element info: {Using=id, value=in.interactive.luckystars:id/tv_my_bids}">
      <![CDATA[org.openqa.selenium.remote.SessionNotFoundException: A session is either terminated or not started (WARNING: The server did not provide any stacktrace information)
Command duration or timeout: 4 milliseconds
Build info: version: '2.53.1', revision: 'a36b8b1cd5757287168e54b817830adce9b0158d', time: '2016-06-30 19:26:09'
System info: host: 'Krishna-Godse.local', ip: '192.168.0.77', os.name: 'Mac OS X', os.arch: 'x86_64', os.version: '10.12.6', java.version: '1.8.0_92'
Driver info: io.appium.java_client.android.AndroidDriver
Capabilities [{app=/Users/apple/Desktop/krishnag/appdebug.apk, appPackage=in.interactive.luckystars, deviceScreenSize=720x1280, networkConnectionEnabled=true, warnings={}, appWaitPackage=in.interactive.luckystars, appWaitActivity=in.interactive.luckystars.ui.startup.SplashActivity, databaseEnabled=false, deviceName=ZY2224NBCM, platform=LINUX, deviceUDID=ZY2224NBCM, appActivity=in.interactive.luckystars.ui.startup.SplashActivity, desired={app=/Users/apple/Desktop/krishnag/appdebug.apk, platformName=Android, deviceName=F5AZFG14R535}, platformVersion=6.0.1, webStorageEnabled=false, locationContextEnabled=false, takesScreenshot=true, javascriptEnabled=true, deviceModel=MotoG3, platformName=Android, deviceManufacturer=motorola}]
Session ID: 4488cd1a-cbc8-4f55-82e5-5ffb25479f9f
*** Element info: {Using=id, value=in.interactive.luckystars:id/tv_my_bids}
	at org.openqa.selenium.remote.ErrorHandler.createThrowable(ErrorHandler.java:206)
	at org.openqa.selenium.remote.ErrorHandler.throwIfResponseFailed(ErrorHandler.java:158)
	at org.openqa.selenium.remote.RemoteWebDriver.execute(RemoteWebDriver.java:678)
	at io.appium.java_client.AppiumDriver.execute(AppiumDriver.java:180)
	at org.openqa.selenium.remote.RemoteWebDriver.findElement(RemoteWebDriver.java:363)
	at org.openqa.selenium.remote.RemoteWebDriver.findElementById(RemoteWebDriver.java:413)
	at org.openqa.selenium.By$ById.findElement(By.java:218)
	at org.openqa.selenium.remote.RemoteWebDriver.findElement(RemoteWebDriver.java:355)
	at Bid.TC005_Filter.filter_missedBids(TC005_Filter.java:160)
... Removed 28 stack frames]]>
    </failure>
  </testcase> <!-- filter_missedBids -->
</testsuite> <!-- Bid.TC005_Filter -->
