<?xml version="1.0" encoding="UTF-8"?>
<!-- Generated by org.testng.reporters.JUnitXMLReporter -->
<testsuite hostname="Krishna-Godse.local" name="draw.TC001_Draw_correctAnswer" tests="2" failures="1" timestamp="12 Jun 2018 07:55:31 GMT" time="164.39" errors="0">
  <testcase name="@AfterTest quit" time="0.0" classname="draw.TC001_Draw_correctAnswer">
    <failure type="org.openqa.selenium.remote.SessionNotFoundException" message="A session is either terminated or not started (WARNING: The server did not provide any stacktrace information)
Command duration or timeout: 6 milliseconds
Build info: version: &amp;apos;2.53.1&amp;apos;, revision: &amp;apos;a36b8b1cd5757287168e54b817830adce9b0158d&amp;apos;, time: &amp;apos;2016-06-30 19:26:09&amp;apos;
System info: host: &amp;apos;Krishna-Godse.local&amp;apos;, ip: &amp;apos;192.168.0.77&amp;apos;, os.name: &amp;apos;Mac OS X&amp;apos;, os.arch: &amp;apos;x86_64&amp;apos;, os.version: &amp;apos;10.12.6&amp;apos;, java.version: &amp;apos;1.8.0_92&amp;apos;
Driver info: io.appium.java_client.android.AndroidDriver
Capabilities [{app=/Users/apple/Desktop/krishnag/appdebug.apk, appPackage=in.interactive.luckystars, deviceScreenSize=720x1280, networkConnectionEnabled=true, warnings={}, appWaitPackage=in.interactive.luckystars, appWaitActivity=in.interactive.luckystars.ui.startup.SplashActivity, databaseEnabled=false, deviceName=ZY2224NBCM, platform=LINUX, deviceUDID=ZY2224NBCM, appActivity=in.interactive.luckystars.ui.startup.SplashActivity, desired={app=/Users/apple/Desktop/krishnag/appdebug.apk, platformName=Android, deviceName=F5AZFG14R535}, platformVersion=6.0.1, webStorageEnabled=false, locationContextEnabled=false, takesScreenshot=true, javascriptEnabled=true, deviceModel=MotoG3, platformName=Android, deviceManufacturer=motorola}]
Session ID: 8702455c-d416-41a1-a02c-2bb450308549">
      <![CDATA[org.openqa.selenium.remote.SessionNotFoundException: A session is either terminated or not started (WARNING: The server did not provide any stacktrace information)
Command duration or timeout: 6 milliseconds
Build info: version: '2.53.1', revision: 'a36b8b1cd5757287168e54b817830adce9b0158d', time: '2016-06-30 19:26:09'
System info: host: 'Krishna-Godse.local', ip: '192.168.0.77', os.name: 'Mac OS X', os.arch: 'x86_64', os.version: '10.12.6', java.version: '1.8.0_92'
Driver info: io.appium.java_client.android.AndroidDriver
Capabilities [{app=/Users/apple/Desktop/krishnag/appdebug.apk, appPackage=in.interactive.luckystars, deviceScreenSize=720x1280, networkConnectionEnabled=true, warnings={}, appWaitPackage=in.interactive.luckystars, appWaitActivity=in.interactive.luckystars.ui.startup.SplashActivity, databaseEnabled=false, deviceName=ZY2224NBCM, platform=LINUX, deviceUDID=ZY2224NBCM, appActivity=in.interactive.luckystars.ui.startup.SplashActivity, desired={app=/Users/apple/Desktop/krishnag/appdebug.apk, platformName=Android, deviceName=F5AZFG14R535}, platformVersion=6.0.1, webStorageEnabled=false, locationContextEnabled=false, takesScreenshot=true, javascriptEnabled=true, deviceModel=MotoG3, platformName=Android, deviceManufacturer=motorola}]
Session ID: 8702455c-d416-41a1-a02c-2bb450308549
	at org.openqa.selenium.remote.ErrorHandler.createThrowable(ErrorHandler.java:206)
	at org.openqa.selenium.remote.ErrorHandler.throwIfResponseFailed(ErrorHandler.java:158)
	at org.openqa.selenium.remote.RemoteWebDriver.execute(RemoteWebDriver.java:678)
	at io.appium.java_client.AppiumDriver.execute(AppiumDriver.java:180)
	at io.appium.java_client.AppiumDriver.execute(AppiumDriver.java:185)
	at org.openqa.selenium.remote.RemoteWebDriver.quit(RemoteWebDriver.java:526)
	at config.basek.teardown(basek.java:118)
	at draw.TC001_Draw_correctAnswer.quit(TC001_Draw_correctAnswer.java:126)
... Removed 26 stack frames]]>
    </failure>
  </testcase> <!-- @AfterTest quit -->
  <testcase name="signIn" time="23.896" classname="draw.TC001_Draw_correctAnswer"/>
  <testcase name="partcipateDraw" time="122.913" classname="draw.TC001_Draw_correctAnswer">
    <failure type="org.openqa.selenium.remote.SessionNotFoundException" message="A session is either terminated or not started (WARNING: The server did not provide any stacktrace information)
Command duration or timeout: 122.14 seconds
Build info: version: &amp;apos;2.53.1&amp;apos;, revision: &amp;apos;a36b8b1cd5757287168e54b817830adce9b0158d&amp;apos;, time: &amp;apos;2016-06-30 19:26:09&amp;apos;
System info: host: &amp;apos;Krishna-Godse.local&amp;apos;, ip: &amp;apos;192.168.0.77&amp;apos;, os.name: &amp;apos;Mac OS X&amp;apos;, os.arch: &amp;apos;x86_64&amp;apos;, os.version: &amp;apos;10.12.6&amp;apos;, java.version: &amp;apos;1.8.0_92&amp;apos;
Driver info: io.appium.java_client.android.AndroidDriver
Capabilities [{app=/Users/apple/Desktop/krishnag/appdebug.apk, appPackage=in.interactive.luckystars, deviceScreenSize=720x1280, networkConnectionEnabled=true, warnings={}, appWaitPackage=in.interactive.luckystars, appWaitActivity=in.interactive.luckystars.ui.startup.SplashActivity, databaseEnabled=false, deviceName=ZY2224NBCM, platform=LINUX, deviceUDID=ZY2224NBCM, appActivity=in.interactive.luckystars.ui.startup.SplashActivity, desired={app=/Users/apple/Desktop/krishnag/appdebug.apk, platformName=Android, deviceName=F5AZFG14R535}, platformVersion=6.0.1, webStorageEnabled=false, locationContextEnabled=false, takesScreenshot=true, javascriptEnabled=true, deviceModel=MotoG3, platformName=Android, deviceManufacturer=motorola}]
Session ID: 8702455c-d416-41a1-a02c-2bb450308549
*** Element info: {Using=id, value=in.interactive.luckystars:id/bt_go_play}">
      <![CDATA[org.openqa.selenium.remote.SessionNotFoundException: A session is either terminated or not started (WARNING: The server did not provide any stacktrace information)
Command duration or timeout: 122.14 seconds
Build info: version: '2.53.1', revision: 'a36b8b1cd5757287168e54b817830adce9b0158d', time: '2016-06-30 19:26:09'
System info: host: 'Krishna-Godse.local', ip: '192.168.0.77', os.name: 'Mac OS X', os.arch: 'x86_64', os.version: '10.12.6', java.version: '1.8.0_92'
Driver info: io.appium.java_client.android.AndroidDriver
Capabilities [{app=/Users/apple/Desktop/krishnag/appdebug.apk, appPackage=in.interactive.luckystars, deviceScreenSize=720x1280, networkConnectionEnabled=true, warnings={}, appWaitPackage=in.interactive.luckystars, appWaitActivity=in.interactive.luckystars.ui.startup.SplashActivity, databaseEnabled=false, deviceName=ZY2224NBCM, platform=LINUX, deviceUDID=ZY2224NBCM, appActivity=in.interactive.luckystars.ui.startup.SplashActivity, desired={app=/Users/apple/Desktop/krishnag/appdebug.apk, platformName=Android, deviceName=F5AZFG14R535}, platformVersion=6.0.1, webStorageEnabled=false, locationContextEnabled=false, takesScreenshot=true, javascriptEnabled=true, deviceModel=MotoG3, platformName=Android, deviceManufacturer=motorola}]
Session ID: 8702455c-d416-41a1-a02c-2bb450308549
*** Element info: {Using=id, value=in.interactive.luckystars:id/bt_go_play}
	at org.openqa.selenium.remote.ErrorHandler.createThrowable(ErrorHandler.java:206)
	at org.openqa.selenium.remote.ErrorHandler.throwIfResponseFailed(ErrorHandler.java:158)
	at org.openqa.selenium.remote.RemoteWebDriver.execute(RemoteWebDriver.java:678)
	at io.appium.java_client.AppiumDriver.execute(AppiumDriver.java:180)
	at org.openqa.selenium.remote.RemoteWebDriver.findElement(RemoteWebDriver.java:363)
	at org.openqa.selenium.remote.RemoteWebDriver.findElementById(RemoteWebDriver.java:413)
	at org.openqa.selenium.By$ById.findElement(By.java:218)
	at org.openqa.selenium.remote.RemoteWebDriver.findElement(RemoteWebDriver.java:355)
	at draw.TC001_Draw_correctAnswer.partcipateDraw(TC001_Draw_correctAnswer.java:97)
... Removed 28 stack frames]]>
    </failure>
  </testcase> <!-- partcipateDraw -->
</testsuite> <!-- draw.TC001_Draw_correctAnswer -->
