<?xml version="1.0" encoding="UTF-8"?>
<!-- Generated by org.testng.reporters.JUnitXMLReporter -->
<testsuite hostname="Krishna-Godse.local" name="quiz.TC004_quizInsufficientCoins" tests="2" failures="0" timestamp="11 Jun 2018 12:27:16 GMT" time="50.909" errors="0">
  <testcase name="signIn" time="22.243" classname="quiz.TC004_quizInsufficientCoins"/>
  <testcase name="leaderBoard" time="9.439" classname="quiz.TC004_quizInsufficientCoins"/>
</testsuite> <!-- quiz.TC004_quizInsufficientCoins -->
