<?xml version="1.0" encoding="UTF-8"?>
<!-- Generated by org.testng.reporters.JUnitXMLReporter -->
<testsuite hostname="Krishna-Godse.local" name="sportsQ.TC005_sportsQEditEntries" tests="2" failures="0" timestamp="12 Jun 2018 07:31:17 GMT" time="78.492" errors="0">
  <testcase name="signIn" time="30.698" classname="sportsQ.TC005_sportsQEditEntries"/>
  <testcase name="participateSportsQ" time="28.55" classname="sportsQ.TC005_sportsQEditEntries"/>
</testsuite> <!-- sportsQ.TC005_sportsQEditEntries -->
