<?xml version="1.0" encoding="UTF-8"?>
<!-- Generated by org.testng.reporters.JUnitXMLReporter -->
<testsuite hostname="Krishna-Godse.local" name="sportsQ.TC002_insufficientCoins" tests="2" failures="0" timestamp="12 Jun 2018 07:27:44 GMT" time="66.271" errors="0">
  <testcase name="signIn" time="34.228" classname="sportsQ.TC002_insufficientCoins"/>
  <testcase name="inSufficientCoins" time="13.012" classname="sportsQ.TC002_insufficientCoins"/>
</testsuite> <!-- sportsQ.TC002_insufficientCoins -->
