<?xml version="1.0" encoding="UTF-8"?>
<!-- Generated by org.testng.reporters.JUnitXMLReporter -->
<testsuite hostname="Krishna-Godse.local" name="sportsQ.TC004_partcipatedEntries" tests="2" failures="0" timestamp="12 Jun 2018 07:29:58 GMT" time="73.593" errors="0">
  <testcase name="signIn" time="30.161" classname="sportsQ.TC004_partcipatedEntries"/>
  <testcase name="partcipatedEntries" time="24.049" classname="sportsQ.TC004_partcipatedEntries"/>
</testsuite> <!-- sportsQ.TC004_partcipatedEntries -->
