<?xml version="1.0" encoding="UTF-8"?>
<!-- Generated by org.testng.reporters.JUnitXMLReporter -->
<testsuite hostname="Krishna-Godse.local" name="sportsQ.TC006_profilesportsQNavigation" tests="2" failures="1" timestamp="12 Jun 2018 07:33:26 GMT" time="129.048" errors="0">
  <testcase name="signIn" time="43.351" classname="sportsQ.TC006_profilesportsQNavigation"/>
  <testcase name="profileSportsNavigation" time="66.656" classname="sportsQ.TC006_profilesportsQNavigation">
    <failure type="org.openqa.selenium.NoSuchElementException" message="An element could not be located on the page using the given search parameters. (WARNING: The server did not provide any stacktrace information)
Command duration or timeout: 64.65 seconds
For documentation on this error, please visit: http://seleniumhq.org/exceptions/no_such_element.html
Build info: version: &amp;apos;2.53.1&amp;apos;, revision: &amp;apos;a36b8b1cd5757287168e54b817830adce9b0158d&amp;apos;, time: &amp;apos;2016-06-30 19:26:09&amp;apos;
System info: host: &amp;apos;Krishna-Godse.local&amp;apos;, ip: &amp;apos;192.168.0.77&amp;apos;, os.name: &amp;apos;Mac OS X&amp;apos;, os.arch: &amp;apos;x86_64&amp;apos;, os.version: &amp;apos;10.12.6&amp;apos;, java.version: &amp;apos;1.8.0_92&amp;apos;
Driver info: io.appium.java_client.android.AndroidDriver
Capabilities [{app=/Users/apple/Desktop/krishnag/appdebug.apk, appPackage=in.interactive.luckystars, deviceScreenSize=720x1280, networkConnectionEnabled=true, warnings={}, appWaitPackage=in.interactive.luckystars, appWaitActivity=in.interactive.luckystars.ui.startup.SplashActivity, databaseEnabled=false, deviceName=ZY2224NBCM, platform=LINUX, deviceUDID=ZY2224NBCM, appActivity=in.interactive.luckystars.ui.startup.SplashActivity, desired={app=/Users/apple/Desktop/krishnag/appdebug.apk, platformName=Android, deviceName=F5AZFG14R535}, platformVersion=6.0.1, webStorageEnabled=false, locationContextEnabled=false, takesScreenshot=true, javascriptEnabled=true, deviceModel=MotoG3, platformName=Android, deviceManufacturer=motorola}]
Session ID: dd77be94-feae-412a-8888-76228e60a968
*** Element info: {Using=xpath, value=//android.widget.LinearLayout[1]/android.widget.FrameLayout[1]/android.widget.FrameLayout[1]/android.widget.FrameLayout[1]/android.view.ViewGroup[1]/android.widget.FrameLayout[1]/android.widget.LinearLayout[1]/android.widget.FrameLayout[1]}">
      <![CDATA[org.openqa.selenium.NoSuchElementException: An element could not be located on the page using the given search parameters. (WARNING: The server did not provide any stacktrace information)
Command duration or timeout: 64.65 seconds
For documentation on this error, please visit: http://seleniumhq.org/exceptions/no_such_element.html
Build info: version: '2.53.1', revision: 'a36b8b1cd5757287168e54b817830adce9b0158d', time: '2016-06-30 19:26:09'
System info: host: 'Krishna-Godse.local', ip: '192.168.0.77', os.name: 'Mac OS X', os.arch: 'x86_64', os.version: '10.12.6', java.version: '1.8.0_92'
Driver info: io.appium.java_client.android.AndroidDriver
Capabilities [{app=/Users/apple/Desktop/krishnag/appdebug.apk, appPackage=in.interactive.luckystars, deviceScreenSize=720x1280, networkConnectionEnabled=true, warnings={}, appWaitPackage=in.interactive.luckystars, appWaitActivity=in.interactive.luckystars.ui.startup.SplashActivity, databaseEnabled=false, deviceName=ZY2224NBCM, platform=LINUX, deviceUDID=ZY2224NBCM, appActivity=in.interactive.luckystars.ui.startup.SplashActivity, desired={app=/Users/apple/Desktop/krishnag/appdebug.apk, platformName=Android, deviceName=F5AZFG14R535}, platformVersion=6.0.1, webStorageEnabled=false, locationContextEnabled=false, takesScreenshot=true, javascriptEnabled=true, deviceModel=MotoG3, platformName=Android, deviceManufacturer=motorola}]
Session ID: dd77be94-feae-412a-8888-76228e60a968
*** Element info: {Using=xpath, value=//android.widget.LinearLayout[1]/android.widget.FrameLayout[1]/android.widget.FrameLayout[1]/android.widget.FrameLayout[1]/android.view.ViewGroup[1]/android.widget.FrameLayout[1]/android.widget.LinearLayout[1]/android.widget.FrameLayout[1]}
	at org.openqa.selenium.remote.ErrorHandler.createThrowable(ErrorHandler.java:206)
	at org.openqa.selenium.remote.ErrorHandler.throwIfResponseFailed(ErrorHandler.java:158)
	at org.openqa.selenium.remote.RemoteWebDriver.execute(RemoteWebDriver.java:678)
	at io.appium.java_client.AppiumDriver.execute(AppiumDriver.java:180)
	at org.openqa.selenium.remote.RemoteWebDriver.findElement(RemoteWebDriver.java:363)
	at org.openqa.selenium.remote.RemoteWebDriver.findElementByXPath(RemoteWebDriver.java:500)
	at org.openqa.selenium.By$ByXPath.findElement(By.java:361)
	at org.openqa.selenium.remote.RemoteWebDriver.findElement(RemoteWebDriver.java:355)
	at sportsQ.TC006_profilesportsQNavigation.profileSportsNavigation(TC006_profilesportsQNavigation.java:94)
... Removed 28 stack frames]]>
    </failure>
  </testcase> <!-- profileSportsNavigation -->
</testsuite> <!-- sportsQ.TC006_profilesportsQNavigation -->
