<?xml version="1.0" encoding="UTF-8"?>
<!-- Generated by org.testng.reporters.JUnitXMLReporter -->
<testsuite hostname="Sushant.local" name="Winners_Test" tests="6" failures="0" timestamp="7 Jun 2018 07:03:03 GMT" time="499.268" errors="0">
  <testcase name="" time="37.133" classname="winners.TC001_quizzes_navigation"/>
  <testcase name="" time="40.473" classname="winners.TC002_quizzes_detail_navigation"/>
  <testcase name="" time="40.508" classname="winners.TC003_bids_navigation"/>
  <testcase name="" time="44.384" classname="winners.TC004_bids_detail_navigation"/>
  <testcase name="" time="45.094" classname="winners.TC005_sportsq_navigation"/>
  <testcase name="" time="39.975" classname="winners.TC006_sportsq_detail_navigation"/>
</testsuite> <!-- Winners_Test -->
