<?xml version="1.0" encoding="UTF-8"?>
<testng-results skipped="0" failed="3" total="4" passed="1">
  <reporter-output>
  </reporter-output>
  <suite name="Suite" duration-ms="332737" started-at="2018-06-12T07:52:47Z" finished-at="2018-06-12T07:58:19Z">
    <groups>
    </groups>
    <test name="draw.TC001_Draw_correctAnswer" duration-ms="164390" started-at="2018-06-12T07:52:47Z" finished-at="2018-06-12T07:55:31Z">
      <class name="draw.TC001_Draw_correctAnswer">
        <test-method status="PASS" signature="setUp()[pri:0, instance:draw.TC001_Draw_correctAnswer@6500df86]" name="setUp" is-config="true" duration-ms="17363" started-at="2018-06-12T13:22:47Z" finished-at="2018-06-12T13:23:04Z">
          <reporter-output>
          </reporter-output>
        </test-method> <!-- setUp -->
        <test-method status="PASS" signature="signIn()[pri:1, instance:draw.TC001_Draw_correctAnswer@6500df86]" name="signIn" duration-ms="23896" started-at="2018-06-12T13:23:04Z" finished-at="2018-06-12T13:23:28Z">
          <reporter-output>
          </reporter-output>
        </test-method> <!-- signIn -->
        <test-method status="FAIL" signature="partcipateDraw()[pri:2, instance:draw.TC001_Draw_correctAnswer@6500df86]" name="partcipateDraw" duration-ms="122913" started-at="2018-06-12T13:23:28Z" finished-at="2018-06-12T13:25:31Z">
          <exception class="org.openqa.selenium.remote.SessionNotFoundException">
            <message>
              <![CDATA[A session is either terminated or not started (WARNING: The server did not provide any stacktrace information)
Command duration or timeout: 122.14 seconds
Build info: version: '2.53.1', revision: 'a36b8b1cd5757287168e54b817830adce9b0158d', time: '2016-06-30 19:26:09'
System info: host: 'Krishna-Godse.local', ip: '192.168.0.77', os.name: 'Mac OS X', os.arch: 'x86_64', os.version: '10.12.6', java.version: '1.8.0_92'
Driver info: io.appium.java_client.android.AndroidDriver
Capabilities [{app=/Users/apple/Desktop/krishnag/appdebug.apk, appPackage=in.interactive.luckystars, deviceScreenSize=720x1280, networkConnectionEnabled=true, warnings={}, appWaitPackage=in.interactive.luckystars, appWaitActivity=in.interactive.luckystars.ui.startup.SplashActivity, databaseEnabled=false, deviceName=ZY2224NBCM, platform=LINUX, deviceUDID=ZY2224NBCM, appActivity=in.interactive.luckystars.ui.startup.SplashActivity, desired={app=/Users/apple/Desktop/krishnag/appdebug.apk, platformName=Android, deviceName=F5AZFG14R535}, platformVersion=6.0.1, webStorageEnabled=false, locationContextEnabled=false, takesScreenshot=true, javascriptEnabled=true, deviceModel=MotoG3, platformName=Android, deviceManufacturer=motorola}]
Session ID: 8702455c-d416-41a1-a02c-2bb450308549
*** Element info: {Using=id, value=in.interactive.luckystars:id/bt_go_play}]]>
            </message>
            <full-stacktrace>
              <![CDATA[org.openqa.selenium.remote.SessionNotFoundException: A session is either terminated or not started (WARNING: The server did not provide any stacktrace information)
Command duration or timeout: 122.14 seconds
Build info: version: '2.53.1', revision: 'a36b8b1cd5757287168e54b817830adce9b0158d', time: '2016-06-30 19:26:09'
System info: host: 'Krishna-Godse.local', ip: '192.168.0.77', os.name: 'Mac OS X', os.arch: 'x86_64', os.version: '10.12.6', java.version: '1.8.0_92'
Driver info: io.appium.java_client.android.AndroidDriver
Capabilities [{app=/Users/apple/Desktop/krishnag/appdebug.apk, appPackage=in.interactive.luckystars, deviceScreenSize=720x1280, networkConnectionEnabled=true, warnings={}, appWaitPackage=in.interactive.luckystars, appWaitActivity=in.interactive.luckystars.ui.startup.SplashActivity, databaseEnabled=false, deviceName=ZY2224NBCM, platform=LINUX, deviceUDID=ZY2224NBCM, appActivity=in.interactive.luckystars.ui.startup.SplashActivity, desired={app=/Users/apple/Desktop/krishnag/appdebug.apk, platformName=Android, deviceName=F5AZFG14R535}, platformVersion=6.0.1, webStorageEnabled=false, locationContextEnabled=false, takesScreenshot=true, javascriptEnabled=true, deviceModel=MotoG3, platformName=Android, deviceManufacturer=motorola}]
Session ID: 8702455c-d416-41a1-a02c-2bb450308549
*** Element info: {Using=id, value=in.interactive.luckystars:id/bt_go_play}
	at sun.reflect.NativeConstructorAccessorImpl.newInstance0(Native Method)
	at sun.reflect.NativeConstructorAccessorImpl.newInstance(NativeConstructorAccessorImpl.java:62)
	at sun.reflect.DelegatingConstructorAccessorImpl.newInstance(DelegatingConstructorAccessorImpl.java:45)
	at java.lang.reflect.Constructor.newInstance(Constructor.java:423)
	at org.openqa.selenium.remote.ErrorHandler.createThrowable(ErrorHandler.java:206)
	at org.openqa.selenium.remote.ErrorHandler.throwIfResponseFailed(ErrorHandler.java:158)
	at org.openqa.selenium.remote.RemoteWebDriver.execute(RemoteWebDriver.java:678)
	at io.appium.java_client.AppiumDriver.execute(AppiumDriver.java:180)
	at org.openqa.selenium.remote.RemoteWebDriver.findElement(RemoteWebDriver.java:363)
	at org.openqa.selenium.remote.RemoteWebDriver.findElementById(RemoteWebDriver.java:413)
	at org.openqa.selenium.By$ById.findElement(By.java:218)
	at org.openqa.selenium.remote.RemoteWebDriver.findElement(RemoteWebDriver.java:355)
	at draw.TC001_Draw_correctAnswer.partcipateDraw(TC001_Draw_correctAnswer.java:97)
	at sun.reflect.NativeMethodAccessorImpl.invoke0(Native Method)
	at sun.reflect.NativeMethodAccessorImpl.invoke(NativeMethodAccessorImpl.java:62)
	at sun.reflect.DelegatingMethodAccessorImpl.invoke(DelegatingMethodAccessorImpl.java:43)
	at java.lang.reflect.Method.invoke(Method.java:498)
	at org.testng.internal.MethodInvocationHelper.invokeMethod(MethodInvocationHelper.java:86)
	at org.testng.internal.Invoker.invokeMethod(Invoker.java:643)
	at org.testng.internal.Invoker.invokeTestMethod(Invoker.java:820)
	at org.testng.internal.Invoker.invokeTestMethods(Invoker.java:1128)
	at org.testng.internal.TestMethodWorker.invokeTestMethods(TestMethodWorker.java:129)
	at org.testng.internal.TestMethodWorker.run(TestMethodWorker.java:112)
	at org.testng.TestRunner.privateRun(TestRunner.java:782)
	at org.testng.TestRunner.run(TestRunner.java:632)
	at org.testng.SuiteRunner.runTest(SuiteRunner.java:366)
	at org.testng.SuiteRunner.runSequentially(SuiteRunner.java:361)
	at org.testng.SuiteRunner.privateRun(SuiteRunner.java:319)
	at org.testng.SuiteRunner.run(SuiteRunner.java:268)
	at org.testng.SuiteRunnerWorker.runSuite(SuiteRunnerWorker.java:52)
	at org.testng.SuiteRunnerWorker.run(SuiteRunnerWorker.java:86)
	at org.testng.TestNG.runSuitesSequentially(TestNG.java:1244)
	at org.testng.TestNG.runSuitesLocally(TestNG.java:1169)
	at org.testng.TestNG.run(TestNG.java:1064)
	at org.testng.remote.AbstractRemoteTestNG.run(AbstractRemoteTestNG.java:132)
	at org.testng.remote.RemoteTestNG.initAndRun(RemoteTestNG.java:236)
	at org.testng.remote.RemoteTestNG.main(RemoteTestNG.java:81)
]]>
            </full-stacktrace>
          </exception> <!-- org.openqa.selenium.remote.SessionNotFoundException -->
          <reporter-output>
          </reporter-output>
        </test-method> <!-- partcipateDraw -->
        <test-method status="FAIL" signature="quit()[pri:0, instance:draw.TC001_Draw_correctAnswer@6500df86]" name="quit" is-config="true" duration-ms="0" started-at="2018-06-12T13:25:31Z" finished-at="2018-06-12T13:25:31Z">
          <exception class="org.openqa.selenium.remote.SessionNotFoundException">
            <message>
              <![CDATA[A session is either terminated or not started (WARNING: The server did not provide any stacktrace information)
Command duration or timeout: 6 milliseconds
Build info: version: '2.53.1', revision: 'a36b8b1cd5757287168e54b817830adce9b0158d', time: '2016-06-30 19:26:09'
System info: host: 'Krishna-Godse.local', ip: '192.168.0.77', os.name: 'Mac OS X', os.arch: 'x86_64', os.version: '10.12.6', java.version: '1.8.0_92'
Driver info: io.appium.java_client.android.AndroidDriver
Capabilities [{app=/Users/apple/Desktop/krishnag/appdebug.apk, appPackage=in.interactive.luckystars, deviceScreenSize=720x1280, networkConnectionEnabled=true, warnings={}, appWaitPackage=in.interactive.luckystars, appWaitActivity=in.interactive.luckystars.ui.startup.SplashActivity, databaseEnabled=false, deviceName=ZY2224NBCM, platform=LINUX, deviceUDID=ZY2224NBCM, appActivity=in.interactive.luckystars.ui.startup.SplashActivity, desired={app=/Users/apple/Desktop/krishnag/appdebug.apk, platformName=Android, deviceName=F5AZFG14R535}, platformVersion=6.0.1, webStorageEnabled=false, locationContextEnabled=false, takesScreenshot=true, javascriptEnabled=true, deviceModel=MotoG3, platformName=Android, deviceManufacturer=motorola}]
Session ID: 8702455c-d416-41a1-a02c-2bb450308549]]>
            </message>
            <full-stacktrace>
              <![CDATA[org.openqa.selenium.remote.SessionNotFoundException: A session is either terminated or not started (WARNING: The server did not provide any stacktrace information)
Command duration or timeout: 6 milliseconds
Build info: version: '2.53.1', revision: 'a36b8b1cd5757287168e54b817830adce9b0158d', time: '2016-06-30 19:26:09'
System info: host: 'Krishna-Godse.local', ip: '192.168.0.77', os.name: 'Mac OS X', os.arch: 'x86_64', os.version: '10.12.6', java.version: '1.8.0_92'
Driver info: io.appium.java_client.android.AndroidDriver
Capabilities [{app=/Users/apple/Desktop/krishnag/appdebug.apk, appPackage=in.interactive.luckystars, deviceScreenSize=720x1280, networkConnectionEnabled=true, warnings={}, appWaitPackage=in.interactive.luckystars, appWaitActivity=in.interactive.luckystars.ui.startup.SplashActivity, databaseEnabled=false, deviceName=ZY2224NBCM, platform=LINUX, deviceUDID=ZY2224NBCM, appActivity=in.interactive.luckystars.ui.startup.SplashActivity, desired={app=/Users/apple/Desktop/krishnag/appdebug.apk, platformName=Android, deviceName=F5AZFG14R535}, platformVersion=6.0.1, webStorageEnabled=false, locationContextEnabled=false, takesScreenshot=true, javascriptEnabled=true, deviceModel=MotoG3, platformName=Android, deviceManufacturer=motorola}]
Session ID: 8702455c-d416-41a1-a02c-2bb450308549
	at sun.reflect.NativeConstructorAccessorImpl.newInstance0(Native Method)
	at sun.reflect.NativeConstructorAccessorImpl.newInstance(NativeConstructorAccessorImpl.java:62)
	at sun.reflect.DelegatingConstructorAccessorImpl.newInstance(DelegatingConstructorAccessorImpl.java:45)
	at java.lang.reflect.Constructor.newInstance(Constructor.java:423)
	at org.openqa.selenium.remote.ErrorHandler.createThrowable(ErrorHandler.java:206)
	at org.openqa.selenium.remote.ErrorHandler.throwIfResponseFailed(ErrorHandler.java:158)
	at org.openqa.selenium.remote.RemoteWebDriver.execute(RemoteWebDriver.java:678)
	at io.appium.java_client.AppiumDriver.execute(AppiumDriver.java:180)
	at io.appium.java_client.AppiumDriver.execute(AppiumDriver.java:185)
	at org.openqa.selenium.remote.RemoteWebDriver.quit(RemoteWebDriver.java:526)
	at config.basek.teardown(basek.java:118)
	at draw.TC001_Draw_correctAnswer.quit(TC001_Draw_correctAnswer.java:126)
	at sun.reflect.NativeMethodAccessorImpl.invoke0(Native Method)
	at sun.reflect.NativeMethodAccessorImpl.invoke(NativeMethodAccessorImpl.java:62)
	at sun.reflect.DelegatingMethodAccessorImpl.invoke(DelegatingMethodAccessorImpl.java:43)
	at java.lang.reflect.Method.invoke(Method.java:498)
	at org.testng.internal.MethodInvocationHelper.invokeMethod(MethodInvocationHelper.java:86)
	at org.testng.internal.Invoker.invokeConfigurationMethod(Invoker.java:514)
	at org.testng.internal.Invoker.invokeConfigurations(Invoker.java:215)
	at org.testng.internal.Invoker.invokeConfigurations(Invoker.java:142)
	at org.testng.TestRunner.afterRun(TestRunner.java:1012)
	at org.testng.TestRunner.run(TestRunner.java:636)
	at org.testng.SuiteRunner.runTest(SuiteRunner.java:366)
	at org.testng.SuiteRunner.runSequentially(SuiteRunner.java:361)
	at org.testng.SuiteRunner.privateRun(SuiteRunner.java:319)
	at org.testng.SuiteRunner.run(SuiteRunner.java:268)
	at org.testng.SuiteRunnerWorker.runSuite(SuiteRunnerWorker.java:52)
	at org.testng.SuiteRunnerWorker.run(SuiteRunnerWorker.java:86)
	at org.testng.TestNG.runSuitesSequentially(TestNG.java:1244)
	at org.testng.TestNG.runSuitesLocally(TestNG.java:1169)
	at org.testng.TestNG.run(TestNG.java:1064)
	at org.testng.remote.AbstractRemoteTestNG.run(AbstractRemoteTestNG.java:132)
	at org.testng.remote.RemoteTestNG.initAndRun(RemoteTestNG.java:236)
	at org.testng.remote.RemoteTestNG.main(RemoteTestNG.java:81)
]]>
            </full-stacktrace>
          </exception> <!-- org.openqa.selenium.remote.SessionNotFoundException -->
          <reporter-output>
          </reporter-output>
        </test-method> <!-- quit -->
      </class> <!-- draw.TC001_Draw_correctAnswer -->
    </test> <!-- draw.TC001_Draw_correctAnswer -->
    <test name="draw.TC002_Draw_IncorrectAnswer" duration-ms="168319" started-at="2018-06-12T07:55:31Z" finished-at="2018-06-12T07:58:19Z">
      <class name="draw.TC002_Draw_IncorrectAnswer">
        <test-method status="PASS" signature="setUp()[pri:0, instance:draw.TC002_Draw_IncorrectAnswer@5702b3b1]" name="setUp" is-config="true" duration-ms="17755" started-at="2018-06-12T13:25:31Z" finished-at="2018-06-12T13:25:49Z">
          <reporter-output>
          </reporter-output>
        </test-method> <!-- setUp -->
        <test-method status="FAIL" signature="signIn()[pri:1, instance:draw.TC002_Draw_IncorrectAnswer@5702b3b1]" name="signIn" duration-ms="150497" started-at="2018-06-12T13:25:49Z" finished-at="2018-06-12T13:28:19Z">
          <exception class="org.openqa.selenium.remote.SessionNotFoundException">
            <message>
              <![CDATA[A session is either terminated or not started (WARNING: The server did not provide any stacktrace information)
Command duration or timeout: 131.56 seconds
Build info: version: '2.53.1', revision: 'a36b8b1cd5757287168e54b817830adce9b0158d', time: '2016-06-30 19:26:09'
System info: host: 'Krishna-Godse.local', ip: '192.168.0.77', os.name: 'Mac OS X', os.arch: 'x86_64', os.version: '10.12.6', java.version: '1.8.0_92'
Driver info: io.appium.java_client.android.AndroidDriver
Capabilities [{app=/Users/apple/Desktop/krishnag/appdebug.apk, appPackage=in.interactive.luckystars, deviceScreenSize=720x1280, networkConnectionEnabled=true, warnings={}, appWaitPackage=in.interactive.luckystars, appWaitActivity=in.interactive.luckystars.ui.startup.SplashActivity, databaseEnabled=false, deviceName=ZY2224NBCM, platform=LINUX, deviceUDID=ZY2224NBCM, appActivity=in.interactive.luckystars.ui.startup.SplashActivity, desired={app=/Users/apple/Desktop/krishnag/appdebug.apk, platformName=Android, deviceName=F5AZFG14R535}, platformVersion=6.0.1, webStorageEnabled=false, locationContextEnabled=false, takesScreenshot=true, javascriptEnabled=true, deviceModel=MotoG3, platformName=Android, deviceManufacturer=motorola}]
Session ID: 66a28a2e-16b6-47f6-b293-96d699def4cc]]>
            </message>
            <full-stacktrace>
              <![CDATA[org.openqa.selenium.remote.SessionNotFoundException: A session is either terminated or not started (WARNING: The server did not provide any stacktrace information)
Command duration or timeout: 131.56 seconds
Build info: version: '2.53.1', revision: 'a36b8b1cd5757287168e54b817830adce9b0158d', time: '2016-06-30 19:26:09'
System info: host: 'Krishna-Godse.local', ip: '192.168.0.77', os.name: 'Mac OS X', os.arch: 'x86_64', os.version: '10.12.6', java.version: '1.8.0_92'
Driver info: io.appium.java_client.android.AndroidDriver
Capabilities [{app=/Users/apple/Desktop/krishnag/appdebug.apk, appPackage=in.interactive.luckystars, deviceScreenSize=720x1280, networkConnectionEnabled=true, warnings={}, appWaitPackage=in.interactive.luckystars, appWaitActivity=in.interactive.luckystars.ui.startup.SplashActivity, databaseEnabled=false, deviceName=ZY2224NBCM, platform=LINUX, deviceUDID=ZY2224NBCM, appActivity=in.interactive.luckystars.ui.startup.SplashActivity, desired={app=/Users/apple/Desktop/krishnag/appdebug.apk, platformName=Android, deviceName=F5AZFG14R535}, platformVersion=6.0.1, webStorageEnabled=false, locationContextEnabled=false, takesScreenshot=true, javascriptEnabled=true, deviceModel=MotoG3, platformName=Android, deviceManufacturer=motorola}]
Session ID: 66a28a2e-16b6-47f6-b293-96d699def4cc
	at sun.reflect.NativeConstructorAccessorImpl.newInstance0(Native Method)
	at sun.reflect.NativeConstructorAccessorImpl.newInstance(NativeConstructorAccessorImpl.java:62)
	at sun.reflect.DelegatingConstructorAccessorImpl.newInstance(DelegatingConstructorAccessorImpl.java:45)
	at java.lang.reflect.Constructor.newInstance(Constructor.java:423)
	at org.openqa.selenium.remote.ErrorHandler.createThrowable(ErrorHandler.java:206)
	at org.openqa.selenium.remote.ErrorHandler.throwIfResponseFailed(ErrorHandler.java:158)
	at org.openqa.selenium.remote.RemoteWebDriver.execute(RemoteWebDriver.java:678)
	at io.appium.java_client.AppiumDriver.execute(AppiumDriver.java:180)
	at org.openqa.selenium.remote.RemoteWebElement.execute(RemoteWebElement.java:327)
	at org.openqa.selenium.remote.RemoteWebElement.sendKeys(RemoteWebElement.java:122)
	at draw.TC002_Draw_IncorrectAnswer.signIn(TC002_Draw_IncorrectAnswer.java:82)
	at sun.reflect.NativeMethodAccessorImpl.invoke0(Native Method)
	at sun.reflect.NativeMethodAccessorImpl.invoke(NativeMethodAccessorImpl.java:62)
	at sun.reflect.DelegatingMethodAccessorImpl.invoke(DelegatingMethodAccessorImpl.java:43)
	at java.lang.reflect.Method.invoke(Method.java:498)
	at org.testng.internal.MethodInvocationHelper.invokeMethod(MethodInvocationHelper.java:86)
	at org.testng.internal.Invoker.invokeMethod(Invoker.java:643)
	at org.testng.internal.Invoker.invokeTestMethod(Invoker.java:820)
	at org.testng.internal.Invoker.invokeTestMethods(Invoker.java:1128)
	at org.testng.internal.TestMethodWorker.invokeTestMethods(TestMethodWorker.java:129)
	at org.testng.internal.TestMethodWorker.run(TestMethodWorker.java:112)
	at org.testng.TestRunner.privateRun(TestRunner.java:782)
	at org.testng.TestRunner.run(TestRunner.java:632)
	at org.testng.SuiteRunner.runTest(SuiteRunner.java:366)
	at org.testng.SuiteRunner.runSequentially(SuiteRunner.java:361)
	at org.testng.SuiteRunner.privateRun(SuiteRunner.java:319)
	at org.testng.SuiteRunner.run(SuiteRunner.java:268)
	at org.testng.SuiteRunnerWorker.runSuite(SuiteRunnerWorker.java:52)
	at org.testng.SuiteRunnerWorker.run(SuiteRunnerWorker.java:86)
	at org.testng.TestNG.runSuitesSequentially(TestNG.java:1244)
	at org.testng.TestNG.runSuitesLocally(TestNG.java:1169)
	at org.testng.TestNG.run(TestNG.java:1064)
	at org.testng.remote.AbstractRemoteTestNG.run(AbstractRemoteTestNG.java:132)
	at org.testng.remote.RemoteTestNG.initAndRun(RemoteTestNG.java:236)
	at org.testng.remote.RemoteTestNG.main(RemoteTestNG.java:81)
]]>
            </full-stacktrace>
          </exception> <!-- org.openqa.selenium.remote.SessionNotFoundException -->
          <reporter-output>
          </reporter-output>
        </test-method> <!-- signIn -->
        <test-method status="FAIL" signature="partcipateDraw()[pri:2, instance:draw.TC002_Draw_IncorrectAnswer@5702b3b1]" name="partcipateDraw" duration-ms="8" started-at="2018-06-12T13:28:19Z" finished-at="2018-06-12T13:28:19Z">
          <exception class="org.openqa.selenium.remote.SessionNotFoundException">
            <message>
              <![CDATA[A session is either terminated or not started (WARNING: The server did not provide any stacktrace information)
Command duration or timeout: 6 milliseconds
Build info: version: '2.53.1', revision: 'a36b8b1cd5757287168e54b817830adce9b0158d', time: '2016-06-30 19:26:09'
System info: host: 'Krishna-Godse.local', ip: '192.168.0.77', os.name: 'Mac OS X', os.arch: 'x86_64', os.version: '10.12.6', java.version: '1.8.0_92'
Driver info: io.appium.java_client.android.AndroidDriver
Capabilities [{app=/Users/apple/Desktop/krishnag/appdebug.apk, appPackage=in.interactive.luckystars, deviceScreenSize=720x1280, networkConnectionEnabled=true, warnings={}, appWaitPackage=in.interactive.luckystars, appWaitActivity=in.interactive.luckystars.ui.startup.SplashActivity, databaseEnabled=false, deviceName=ZY2224NBCM, platform=LINUX, deviceUDID=ZY2224NBCM, appActivity=in.interactive.luckystars.ui.startup.SplashActivity, desired={app=/Users/apple/Desktop/krishnag/appdebug.apk, platformName=Android, deviceName=F5AZFG14R535}, platformVersion=6.0.1, webStorageEnabled=false, locationContextEnabled=false, takesScreenshot=true, javascriptEnabled=true, deviceModel=MotoG3, platformName=Android, deviceManufacturer=motorola}]
Session ID: 66a28a2e-16b6-47f6-b293-96d699def4cc]]>
            </message>
            <full-stacktrace>
              <![CDATA[org.openqa.selenium.remote.SessionNotFoundException: A session is either terminated or not started (WARNING: The server did not provide any stacktrace information)
Command duration or timeout: 6 milliseconds
Build info: version: '2.53.1', revision: 'a36b8b1cd5757287168e54b817830adce9b0158d', time: '2016-06-30 19:26:09'
System info: host: 'Krishna-Godse.local', ip: '192.168.0.77', os.name: 'Mac OS X', os.arch: 'x86_64', os.version: '10.12.6', java.version: '1.8.0_92'
Driver info: io.appium.java_client.android.AndroidDriver
Capabilities [{app=/Users/apple/Desktop/krishnag/appdebug.apk, appPackage=in.interactive.luckystars, deviceScreenSize=720x1280, networkConnectionEnabled=true, warnings={}, appWaitPackage=in.interactive.luckystars, appWaitActivity=in.interactive.luckystars.ui.startup.SplashActivity, databaseEnabled=false, deviceName=ZY2224NBCM, platform=LINUX, deviceUDID=ZY2224NBCM, appActivity=in.interactive.luckystars.ui.startup.SplashActivity, desired={app=/Users/apple/Desktop/krishnag/appdebug.apk, platformName=Android, deviceName=F5AZFG14R535}, platformVersion=6.0.1, webStorageEnabled=false, locationContextEnabled=false, takesScreenshot=true, javascriptEnabled=true, deviceModel=MotoG3, platformName=Android, deviceManufacturer=motorola}]
Session ID: 66a28a2e-16b6-47f6-b293-96d699def4cc
	at sun.reflect.NativeConstructorAccessorImpl.newInstance0(Native Method)
	at sun.reflect.NativeConstructorAccessorImpl.newInstance(NativeConstructorAccessorImpl.java:62)
	at sun.reflect.DelegatingConstructorAccessorImpl.newInstance(DelegatingConstructorAccessorImpl.java:45)
	at java.lang.reflect.Constructor.newInstance(Constructor.java:423)
	at org.openqa.selenium.remote.ErrorHandler.createThrowable(ErrorHandler.java:206)
	at org.openqa.selenium.remote.ErrorHandler.throwIfResponseFailed(ErrorHandler.java:158)
	at org.openqa.selenium.remote.RemoteWebDriver.execute(RemoteWebDriver.java:678)
	at io.appium.java_client.AppiumDriver.execute(AppiumDriver.java:180)
	at io.appium.java_client.AppiumDriver.performTouchAction(AppiumDriver.java:304)
	at io.appium.java_client.TouchAction.perform(TouchAction.java:253)
	at io.appium.java_client.AppiumDriver.swipe(AppiumDriver.java:359)
	at config.swipe.verticalSwipeBtU(swipe.java:23)
	at draw.TC002_Draw_IncorrectAnswer.partcipateDraw(TC002_Draw_IncorrectAnswer.java:95)
	at sun.reflect.NativeMethodAccessorImpl.invoke0(Native Method)
	at sun.reflect.NativeMethodAccessorImpl.invoke(NativeMethodAccessorImpl.java:62)
	at sun.reflect.DelegatingMethodAccessorImpl.invoke(DelegatingMethodAccessorImpl.java:43)
	at java.lang.reflect.Method.invoke(Method.java:498)
	at org.testng.internal.MethodInvocationHelper.invokeMethod(MethodInvocationHelper.java:86)
	at org.testng.internal.Invoker.invokeMethod(Invoker.java:643)
	at org.testng.internal.Invoker.invokeTestMethod(Invoker.java:820)
	at org.testng.internal.Invoker.invokeTestMethods(Invoker.java:1128)
	at org.testng.internal.TestMethodWorker.invokeTestMethods(TestMethodWorker.java:129)
	at org.testng.internal.TestMethodWorker.run(TestMethodWorker.java:112)
	at org.testng.TestRunner.privateRun(TestRunner.java:782)
	at org.testng.TestRunner.run(TestRunner.java:632)
	at org.testng.SuiteRunner.runTest(SuiteRunner.java:366)
	at org.testng.SuiteRunner.runSequentially(SuiteRunner.java:361)
	at org.testng.SuiteRunner.privateRun(SuiteRunner.java:319)
	at org.testng.SuiteRunner.run(SuiteRunner.java:268)
	at org.testng.SuiteRunnerWorker.runSuite(SuiteRunnerWorker.java:52)
	at org.testng.SuiteRunnerWorker.run(SuiteRunnerWorker.java:86)
	at org.testng.TestNG.runSuitesSequentially(TestNG.java:1244)
	at org.testng.TestNG.runSuitesLocally(TestNG.java:1169)
	at org.testng.TestNG.run(TestNG.java:1064)
	at org.testng.remote.AbstractRemoteTestNG.run(AbstractRemoteTestNG.java:132)
	at org.testng.remote.RemoteTestNG.initAndRun(RemoteTestNG.java:236)
	at org.testng.remote.RemoteTestNG.main(RemoteTestNG.java:81)
]]>
            </full-stacktrace>
          </exception> <!-- org.openqa.selenium.remote.SessionNotFoundException -->
          <reporter-output>
          </reporter-output>
        </test-method> <!-- partcipateDraw -->
        <test-method status="FAIL" signature="quit()[pri:0, instance:draw.TC002_Draw_IncorrectAnswer@5702b3b1]" name="quit" is-config="true" duration-ms="0" started-at="2018-06-12T13:28:19Z" finished-at="2018-06-12T13:28:19Z">
          <exception class="org.openqa.selenium.remote.SessionNotFoundException">
            <message>
              <![CDATA[A session is either terminated or not started (WARNING: The server did not provide any stacktrace information)
Command duration or timeout: 7 milliseconds
Build info: version: '2.53.1', revision: 'a36b8b1cd5757287168e54b817830adce9b0158d', time: '2016-06-30 19:26:09'
System info: host: 'Krishna-Godse.local', ip: '192.168.0.77', os.name: 'Mac OS X', os.arch: 'x86_64', os.version: '10.12.6', java.version: '1.8.0_92'
Driver info: io.appium.java_client.android.AndroidDriver
Capabilities [{app=/Users/apple/Desktop/krishnag/appdebug.apk, appPackage=in.interactive.luckystars, deviceScreenSize=720x1280, networkConnectionEnabled=true, warnings={}, appWaitPackage=in.interactive.luckystars, appWaitActivity=in.interactive.luckystars.ui.startup.SplashActivity, databaseEnabled=false, deviceName=ZY2224NBCM, platform=LINUX, deviceUDID=ZY2224NBCM, appActivity=in.interactive.luckystars.ui.startup.SplashActivity, desired={app=/Users/apple/Desktop/krishnag/appdebug.apk, platformName=Android, deviceName=F5AZFG14R535}, platformVersion=6.0.1, webStorageEnabled=false, locationContextEnabled=false, takesScreenshot=true, javascriptEnabled=true, deviceModel=MotoG3, platformName=Android, deviceManufacturer=motorola}]
Session ID: 66a28a2e-16b6-47f6-b293-96d699def4cc]]>
            </message>
            <full-stacktrace>
              <![CDATA[org.openqa.selenium.remote.SessionNotFoundException: A session is either terminated or not started (WARNING: The server did not provide any stacktrace information)
Command duration or timeout: 7 milliseconds
Build info: version: '2.53.1', revision: 'a36b8b1cd5757287168e54b817830adce9b0158d', time: '2016-06-30 19:26:09'
System info: host: 'Krishna-Godse.local', ip: '192.168.0.77', os.name: 'Mac OS X', os.arch: 'x86_64', os.version: '10.12.6', java.version: '1.8.0_92'
Driver info: io.appium.java_client.android.AndroidDriver
Capabilities [{app=/Users/apple/Desktop/krishnag/appdebug.apk, appPackage=in.interactive.luckystars, deviceScreenSize=720x1280, networkConnectionEnabled=true, warnings={}, appWaitPackage=in.interactive.luckystars, appWaitActivity=in.interactive.luckystars.ui.startup.SplashActivity, databaseEnabled=false, deviceName=ZY2224NBCM, platform=LINUX, deviceUDID=ZY2224NBCM, appActivity=in.interactive.luckystars.ui.startup.SplashActivity, desired={app=/Users/apple/Desktop/krishnag/appdebug.apk, platformName=Android, deviceName=F5AZFG14R535}, platformVersion=6.0.1, webStorageEnabled=false, locationContextEnabled=false, takesScreenshot=true, javascriptEnabled=true, deviceModel=MotoG3, platformName=Android, deviceManufacturer=motorola}]
Session ID: 66a28a2e-16b6-47f6-b293-96d699def4cc
	at sun.reflect.NativeConstructorAccessorImpl.newInstance0(Native Method)
	at sun.reflect.NativeConstructorAccessorImpl.newInstance(NativeConstructorAccessorImpl.java:62)
	at sun.reflect.DelegatingConstructorAccessorImpl.newInstance(DelegatingConstructorAccessorImpl.java:45)
	at java.lang.reflect.Constructor.newInstance(Constructor.java:423)
	at org.openqa.selenium.remote.ErrorHandler.createThrowable(ErrorHandler.java:206)
	at org.openqa.selenium.remote.ErrorHandler.throwIfResponseFailed(ErrorHandler.java:158)
	at org.openqa.selenium.remote.RemoteWebDriver.execute(RemoteWebDriver.java:678)
	at io.appium.java_client.AppiumDriver.execute(AppiumDriver.java:180)
	at io.appium.java_client.AppiumDriver.execute(AppiumDriver.java:185)
	at org.openqa.selenium.remote.RemoteWebDriver.quit(RemoteWebDriver.java:526)
	at config.basek.teardown(basek.java:118)
	at draw.TC002_Draw_IncorrectAnswer.quit(TC002_Draw_IncorrectAnswer.java:123)
	at sun.reflect.NativeMethodAccessorImpl.invoke0(Native Method)
	at sun.reflect.NativeMethodAccessorImpl.invoke(NativeMethodAccessorImpl.java:62)
	at sun.reflect.DelegatingMethodAccessorImpl.invoke(DelegatingMethodAccessorImpl.java:43)
	at java.lang.reflect.Method.invoke(Method.java:498)
	at org.testng.internal.MethodInvocationHelper.invokeMethod(MethodInvocationHelper.java:86)
	at org.testng.internal.Invoker.invokeConfigurationMethod(Invoker.java:514)
	at org.testng.internal.Invoker.invokeConfigurations(Invoker.java:215)
	at org.testng.internal.Invoker.invokeConfigurations(Invoker.java:142)
	at org.testng.TestRunner.afterRun(TestRunner.java:1012)
	at org.testng.TestRunner.run(TestRunner.java:636)
	at org.testng.SuiteRunner.runTest(SuiteRunner.java:366)
	at org.testng.SuiteRunner.runSequentially(SuiteRunner.java:361)
	at org.testng.SuiteRunner.privateRun(SuiteRunner.java:319)
	at org.testng.SuiteRunner.run(SuiteRunner.java:268)
	at org.testng.SuiteRunnerWorker.runSuite(SuiteRunnerWorker.java:52)
	at org.testng.SuiteRunnerWorker.run(SuiteRunnerWorker.java:86)
	at org.testng.TestNG.runSuitesSequentially(TestNG.java:1244)
	at org.testng.TestNG.runSuitesLocally(TestNG.java:1169)
	at org.testng.TestNG.run(TestNG.java:1064)
	at org.testng.remote.AbstractRemoteTestNG.run(AbstractRemoteTestNG.java:132)
	at org.testng.remote.RemoteTestNG.initAndRun(RemoteTestNG.java:236)
	at org.testng.remote.RemoteTestNG.main(RemoteTestNG.java:81)
]]>
            </full-stacktrace>
          </exception> <!-- org.openqa.selenium.remote.SessionNotFoundException -->
          <reporter-output>
          </reporter-output>
        </test-method> <!-- quit -->
      </class> <!-- draw.TC002_Draw_IncorrectAnswer -->
    </test> <!-- draw.TC002_Draw_IncorrectAnswer -->
  </suite> <!-- Suite -->
</testng-results>
